2024-04-24	12:10:21		Created Good, Bad and Archive Data folders.
2024-04-24	13:09:35		JSON Schema loaded.
2024-04-24	13:10:08		JSON Schema loaded.
2024-04-24	13:10:16		JSON Schema loaded.
2024-04-24	13:11:05		JSON Schema loaded.
2024-04-24	13:11:57		JSON Schema loaded.
2024-04-24	13:14:29		JSON Schema loaded.
2024-04-24	13:14:29		Removed Good and Bad data folders.
2024-04-24	13:15:26		JSON Schema loaded.
2024-04-24	13:15:26		Removed Good and Bad data folders.
2024-04-24	13:16:31		JSON Schema loaded.
2024-04-24	13:16:31		Removed Good and Bad data folders.
2024-04-24	13:23:13		JSON Schema loaded.
2024-04-24	13:23:48		JSON Schema loaded.
2024-04-24	13:23:48		Removed Good and Bad data folders.
2024-04-24	13:23:48		Created Good, Bad and Archive Data folders.
2024-04-24	13:23:48		Error occurred while validating training files name::[Errno 2] No such file or directory: '/home/sahil/WorkSpace/WorkBooks/Projects/CemenetStrength/Prediction_Model/DATA/Training_File_From_Db'
2024-04-24	13:24:37		JSON Schema loaded.
2024-04-24	13:24:37		Removed Good and Bad data folders.
2024-04-24	13:24:37		Created Good, Bad and Archive Data folders.
2024-04-24	13:24:37		Error occurred while validating training files name::[Errno 2] No such file or directory: '/home/sahil/WorkSpace/WorkBooks/Projects/CemenetStrength/Prediction_Model/DATA/Training_File_From_Db'
2024-04-24	13:30:25		JSON Schema loaded.
2024-04-24	13:30:25		Removed Good and Bad data folders.
2024-04-24	13:30:25		Created Good, Bad and Archive Data folders.
2024-04-24	13:30:25		Invalid file name! File moved to Bad Raw folder::cement_strength_08012020_1200.csv
2024-04-24	13:30:25		Valid file name! File moved to Good Raw folder::cement_strength_08012020_120000.csv
2024-04-24	13:30:25		Valid file name! File moved to Good Raw folder::cement_strength_08012020_120021.csv
2024-04-24	13:30:25		Invalid number of columns! File moved to Bad Raw folder::cement_strength_08012020_120000.csv
2024-04-24	13:30:25		Error while table creation in dB::dBOperations.connect_to_db() missing 1 required positional argument: 'data_ingestion_logs_path'
2024-04-24	13:31:48		JSON Schema loaded.
2024-04-24	13:31:48		Removed Good and Bad data folders.
2024-04-24	13:31:48		Created Good, Bad and Archive Data folders.
2024-04-24	13:31:48		Invalid file name! File moved to Bad Raw folder::cement_strength_08012020_1200.csv
2024-04-24	13:31:48		Valid file name! File moved to Good Raw folder::cement_strength_08012020_120000.csv
2024-04-24	13:31:48		Valid file name! File moved to Good Raw folder::cement_strength_08012020_120021.csv
2024-04-24	13:31:48		Invalid number of columns! File moved to Bad Raw folder::cement_strength_08012020_120000.csv
2024-04-24	13:31:48		Created Table successfully.
2024-04-24	13:31:49		Inserted good raw data into dB successfully.
2024-04-24	13:31:49		Removed Good and Bad data folders.
2024-04-24	13:31:49		Fetched data from good_raw_data table.
2024-04-24	13:33:59		JSON Schema loaded.
2024-04-24	13:33:59		Removed Good and Bad data folders.
2024-04-24	13:33:59		Created Good, Bad and Archive Data folders.
2024-04-24	13:33:59		Invalid file name! File moved to Bad Raw folder::cement_strength_08012020_1200.csv
2024-04-24	13:33:59		Valid file name! File moved to Good Raw folder::cement_strength_08012020_120000.csv
2024-04-24	13:33:59		Valid file name! File moved to Good Raw folder::cement_strength_08012020_120021.csv
2024-04-24	13:33:59		Invalid number of columns! File moved to Bad Raw folder::cement_strength_08012020_120000.csv
2024-04-24	13:33:59		Created Table successfully.
2024-04-24	13:34:00		Inserted good raw data into dB successfully.
2024-04-24	13:34:00		Removed Good and Bad data folders.
2024-04-24	13:34:00		Fetched data from good_raw_data table.
2024-04-24	15:38:49		JSON Schema loaded.
2024-04-24	15:38:49		Removed Good and Bad data folders.
2024-04-24	15:38:49		Created Good, Bad and Archive Data folders.
2024-04-24	15:38:49		Invalid file name! File moved to Bad Raw folder::cement_strength_08012020_1200.csv
2024-04-24	15:38:49		Valid file name! File moved to Good Raw folder::cement_strength_08012020_120000.csv
2024-04-24	15:38:49		Valid file name! File moved to Good Raw folder::cement_strength_08012020_120021.csv
2024-04-24	15:38:49		Invalid number of columns! File moved to Bad Raw folder::cement_strength_08012020_120000.csv
2024-04-24	15:38:49		Invalid number of columns! File moved to Bad Raw folder::cement_strength_08012020_120021.csv
2024-04-24	15:38:49		Created Table successfully.
2024-04-24	15:38:49		Inserted good raw data into dB successfully.
2024-04-24	15:38:49		Error occurred while moving bad files to archive folder :: Destination path '/home/sahil/WorkSpace/WorkBooks/Projects/CemenetStrength/Prediction_Model/DATA/Raw_Training_Validated/Archive/cement_strength_08012020_1200.csv' already exists
2024-04-24	15:39:12		JSON Schema loaded.
2024-04-24	15:39:12		Removed Good and Bad data folders.
2024-04-24	15:39:12		Created Good, Bad and Archive Data folders.
2024-04-24	15:39:12		Invalid file name! File moved to Bad Raw folder::cement_strength_08012020_1200.csv
2024-04-24	15:39:12		Valid file name! File moved to Good Raw folder::cement_strength_08012020_120000.csv
2024-04-24	15:39:12		Valid file name! File moved to Good Raw folder::cement_strength_08012020_120021.csv
2024-04-24	15:39:12		Invalid number of columns! File moved to Bad Raw folder::cement_strength_08012020_120000.csv
2024-04-24	15:39:12		Invalid number of columns! File moved to Bad Raw folder::cement_strength_08012020_120021.csv
2024-04-24	15:39:12		Created Table successfully.
2024-04-24	15:39:12		Inserted good raw data into dB successfully.
2024-04-24	15:39:12		Removed Good and Bad data folders.
2024-04-24	15:39:12		Fetched data from good_raw_data_pred table.
2024-04-24	16:24:48		JSON Schema loaded.
2024-04-24	16:24:48		Removed Good and Bad data folders.
2024-04-24	16:24:48		Created Good, Bad and Archive Data folders.
2024-04-24	16:24:48		Invalid file name! File moved to Bad Raw folder::cement_strength_08012020_1200.csv
2024-04-24	16:24:48		Valid file name! File moved to Good Raw folder::cement_strength_08012020_120000.csv
2024-04-24	16:24:48		Valid file name! File moved to Good Raw folder::cement_strength_08012020_120021.csv
2024-04-24	16:24:48		Invalid number of columns! File moved to Bad Raw folder::cement_strength_08012020_120000.csv
2024-04-24	16:24:48		Invalid number of columns! File moved to Bad Raw folder::cement_strength_08012020_120021.csv
2024-04-24	16:24:48		Created Table successfully.
2024-04-24	16:24:48		Inserted good raw data into dB successfully.
2024-04-24	16:24:48		Error occurred while moving bad files to archive folder :: Destination path '/home/sahil/WorkSpace/WorkBooks/Projects/CemenetStrength/Prediction_Model/DATA/Raw_Training_Validated/Archive/cement_strength_08012020_1200.csv' already exists
2024-04-24	16:25:15		JSON Schema loaded.
2024-04-24	16:25:15		Removed Good and Bad data folders.
2024-04-24	16:25:15		Created Good, Bad and Archive Data folders.
2024-04-24	16:25:15		Invalid file name! File moved to Bad Raw folder::cement_strength_08012020_1200.csv
2024-04-24	16:25:15		Valid file name! File moved to Good Raw folder::cement_strength_08012020_120000.csv
2024-04-24	16:25:15		Valid file name! File moved to Good Raw folder::cement_strength_08012020_120021.csv
2024-04-24	16:25:15		Invalid number of columns! File moved to Bad Raw folder::cement_strength_08012020_120000.csv
2024-04-24	16:25:15		Invalid number of columns! File moved to Bad Raw folder::cement_strength_08012020_120021.csv
2024-04-24	16:25:15		Created Table successfully.
2024-04-24	16:25:15		Inserted good raw data into dB successfully.
2024-04-24	16:25:15		Error occurred while moving bad files to archive folder :: Destination path '/home/sahil/WorkSpace/WorkBooks/Projects/CemenetStrength/Prediction_Model/DATA/Raw_Training_Validated/Archive/cement_strength_08012020_1200.csv' already exists
